<?xml version="1.0" encoding="UTF-8"?>
<!-- Generated by org.testng.reporters.JUnitReportReporter -->
<testsuite hostname="WDFV41002642D" failures="0" tests="6" name="org.project.Test_Cases" time="114.536" errors="0" timestamp="2020-08-14T13:10:06 CEST" skipped="0">
  <testcase classname="org.project.Test_Cases" name="prior_CSR_Analysis_Results_Testing" time="11.390"/>
  <testcase classname="org.project.Test_Cases" name="readAnalysisAndLogTables_beforeProcessing_Testing" time="16.143"/>
  <testcase classname="org.project.Test_Cases" name="finalize_CompareNewDocumentsWithOld_Testing" time="36.067"/>
  <testcase classname="org.project.Test_Cases" name="findAndSelectGroupInLocator_Testing" time="14.470"/>
  <testcase classname="org.project.Test_Cases" name="make_Postprocessing_Testing" time="22.636"/>
  <testcase classname="org.project.Test_Cases" name="open_RFNO_CSR_Page_Testing" time="13.830"/>
</testsuite> <!-- org.project.Test_Cases -->
