<?xml version="1.0" encoding="UTF-8"?>
<!-- Generated by org.testng.reporters.JUnitReportReporter -->
<testsuite hostname="ACSWDF004563" failures="0" tests="6" name="org.project.Test_Cases" time="94.488" errors="0" timestamp="2023-02-27T11:23:35 CET" skipped="0">
  <testcase classname="org.project.Test_Cases" name="prior_CSR_Analysis_Results_Testing" time="11.428"/>
  <testcase classname="org.project.Test_Cases" name="make_Postprocessing_Testing" time="20.255"/>
  <testcase classname="org.project.Test_Cases" name="finalize_CompareNewDocumentsWithOld_Testing" time="29.329"/>
  <testcase classname="org.project.Test_Cases" name="open_RFNO_CSR_Page_Testing" time="8.400"/>
  <testcase classname="org.project.Test_Cases" name="findAndSelectGroupInLocator_Testing" time="12.532"/>
  <testcase classname="org.project.Test_Cases" name="readAnalysisAndLogTables_beforeProcessing_Testing" time="12.544"/>
</testsuite> <!-- org.project.Test_Cases -->
